<?xml version="1.0" encoding="UTF-8"?>
<testsuite name="ru.stqa.pft.addressbook.tests.GroupModificationTests" tests="1" skipped="0" failures="0" errors="0" timestamp="2019-07-25T14:57:36" hostname="DESKTOP-CTVATB0" time="1.574">
  <properties/>
  <testcase name="testGroupModification" classname="ru.stqa.pft.addressbook.tests.GroupModificationTests" time="1.574"/>
  <system-out><![CDATA[17:57:36.199 [Test worker] DEBUG o.h.e.t.internal.TransactionImpl - On TransactionImpl creation, JpaCompliance#isJpaTransactionComplianceEnabled == false
17:57:36.199 [Test worker] DEBUG o.h.e.t.internal.TransactionImpl - begin
17:57:36.200 [Test worker] DEBUG org.hibernate.SQL - select groupdata0_.group_id as group_id1_2_, groupdata0_.group_footer as group_fo2_2_, groupdata0_.group_header as group_he3_2_, groupdata0_.group_name as group_na4_2_ from group_list groupdata0_
Hibernate: select groupdata0_.group_id as group_id1_2_, groupdata0_.group_footer as group_fo2_2_, groupdata0_.group_header as group_he3_2_, groupdata0_.group_name as group_na4_2_ from group_list groupdata0_
17:57:36.200 [Test worker] DEBUG org.hibernate.loader.Loader - Result set row: 0
17:57:36.201 [Test worker] DEBUG org.hibernate.loader.Loader - Result row: EntityKey[ru.stqa.pft.addressbook.model.GroupData#82]
17:57:36.201 [Test worker] DEBUG org.hibernate.loader.Loader - Result set row: 1
17:57:36.201 [Test worker] DEBUG org.hibernate.loader.Loader - Result row: EntityKey[ru.stqa.pft.addressbook.model.GroupData#83]
17:57:36.201 [Test worker] DEBUG org.hibernate.loader.Loader - Result set row: 2
17:57:36.201 [Test worker] DEBUG org.hibernate.loader.Loader - Result row: EntityKey[ru.stqa.pft.addressbook.model.GroupData#84]
17:57:36.201 [Test worker] DEBUG org.hibernate.loader.Loader - Result set row: 3
17:57:36.201 [Test worker] DEBUG org.hibernate.loader.Loader - Result row: EntityKey[ru.stqa.pft.addressbook.model.GroupData#86]
17:57:36.201 [Test worker] DEBUG org.hibernate.loader.Loader - Result set row: 4
17:57:36.201 [Test worker] DEBUG org.hibernate.loader.Loader - Result row: EntityKey[ru.stqa.pft.addressbook.model.GroupData#87]
17:57:36.201 [Test worker] DEBUG org.hibernate.loader.Loader - Result set row: 5
17:57:36.201 [Test worker] DEBUG org.hibernate.loader.Loader - Result row: EntityKey[ru.stqa.pft.addressbook.model.GroupData#88]
17:57:36.202 [Test worker] DEBUG org.hibernate.loader.Loader - Result set row: 6
17:57:36.202 [Test worker] DEBUG org.hibernate.loader.Loader - Result row: EntityKey[ru.stqa.pft.addressbook.model.GroupData#89]
17:57:36.202 [Test worker] DEBUG org.hibernate.loader.Loader - Result set row: 7
17:57:36.202 [Test worker] DEBUG org.hibernate.loader.Loader - Result row: EntityKey[ru.stqa.pft.addressbook.model.GroupData#90]
17:57:36.202 [Test worker] DEBUG o.h.engine.internal.TwoPhaseLoad - Resolving attributes for [ru.stqa.pft.addressbook.model.GroupData#82]
17:57:36.202 [Test worker] DEBUG o.h.engine.internal.TwoPhaseLoad - Processing attribute `contacts` : value = NOT NULL COLLECTION
17:57:36.202 [Test worker] DEBUG o.h.engine.internal.TwoPhaseLoad - Attribute (`contacts`)  - enhanced for lazy-loading? - false
17:57:36.202 [Test worker] DEBUG o.h.engine.internal.TwoPhaseLoad - Processing attribute `footer` : value = footer 0
17:57:36.202 [Test worker] DEBUG o.h.engine.internal.TwoPhaseLoad - Attribute (`footer`)  - enhanced for lazy-loading? - false
17:57:36.202 [Test worker] DEBUG o.h.engine.internal.TwoPhaseLoad - Processing attribute `header` : value = header 0
17:57:36.202 [Test worker] DEBUG o.h.engine.internal.TwoPhaseLoad - Attribute (`header`)  - enhanced for lazy-loading? - false
17:57:36.202 [Test worker] DEBUG o.h.engine.internal.TwoPhaseLoad - Processing attribute `name` : value = test 0
17:57:36.202 [Test worker] DEBUG o.h.engine.internal.TwoPhaseLoad - Attribute (`name`)  - enhanced for lazy-loading? - false
17:57:36.202 [Test worker] DEBUG o.h.engine.internal.TwoPhaseLoad - Done materializing entity [ru.stqa.pft.addressbook.model.GroupData#82]
17:57:36.202 [Test worker] DEBUG o.h.engine.internal.TwoPhaseLoad - Resolving attributes for [ru.stqa.pft.addressbook.model.GroupData#83]
17:57:36.202 [Test worker] DEBUG o.h.engine.internal.TwoPhaseLoad - Processing attribute `contacts` : value = NOT NULL COLLECTION
17:57:36.203 [Test worker] DEBUG o.h.engine.internal.TwoPhaseLoad - Attribute (`contacts`)  - enhanced for lazy-loading? - false
17:57:36.203 [Test worker] DEBUG o.h.engine.internal.TwoPhaseLoad - Processing attribute `footer` : value = footer 1
17:57:36.203 [Test worker] DEBUG o.h.engine.internal.TwoPhaseLoad - Attribute (`footer`)  - enhanced for lazy-loading? - false
17:57:36.203 [Test worker] DEBUG o.h.engine.internal.TwoPhaseLoad - Processing attribute `header` : value = header 1
17:57:36.203 [Test worker] DEBUG o.h.engine.internal.TwoPhaseLoad - Attribute (`header`)  - enhanced for lazy-loading? - false
17:57:36.203 [Test worker] DEBUG o.h.engine.internal.TwoPhaseLoad - Processing attribute `name` : value = test 1
17:57:36.203 [Test worker] DEBUG o.h.engine.internal.TwoPhaseLoad - Attribute (`name`)  - enhanced for lazy-loading? - false
17:57:36.203 [Test worker] DEBUG o.h.engine.internal.TwoPhaseLoad - Done materializing entity [ru.stqa.pft.addressbook.model.GroupData#83]
17:57:36.203 [Test worker] DEBUG o.h.engine.internal.TwoPhaseLoad - Resolving attributes for [ru.stqa.pft.addressbook.model.GroupData#84]
17:57:36.203 [Test worker] DEBUG o.h.engine.internal.TwoPhaseLoad - Processing attribute `contacts` : value = NOT NULL COLLECTION
17:57:36.203 [Test worker] DEBUG o.h.engine.internal.TwoPhaseLoad - Attribute (`contacts`)  - enhanced for lazy-loading? - false
17:57:36.203 [Test worker] DEBUG o.h.engine.internal.TwoPhaseLoad - Processing attribute `footer` : value = footer 2
17:57:36.203 [Test worker] DEBUG o.h.engine.internal.TwoPhaseLoad - Attribute (`footer`)  - enhanced for lazy-loading? - false
17:57:36.203 [Test worker] DEBUG o.h.engine.internal.TwoPhaseLoad - Processing attribute `header` : value = header 2
17:57:36.203 [Test worker] DEBUG o.h.engine.internal.TwoPhaseLoad - Attribute (`header`)  - enhanced for lazy-loading? - false
17:57:36.203 [Test worker] DEBUG o.h.engine.internal.TwoPhaseLoad - Processing attribute `name` : value = test 2
17:57:36.203 [Test worker] DEBUG o.h.engine.internal.TwoPhaseLoad - Attribute (`name`)  - enhanced for lazy-loading? - false
17:57:36.203 [Test worker] DEBUG o.h.engine.internal.TwoPhaseLoad - Done materializing entity [ru.stqa.pft.addressbook.model.GroupData#84]
17:57:36.203 [Test worker] DEBUG o.h.engine.internal.TwoPhaseLoad - Resolving attributes for [ru.stqa.pft.addressbook.model.GroupData#86]
17:57:36.203 [Test worker] DEBUG o.h.engine.internal.TwoPhaseLoad - Processing attribute `contacts` : value = NOT NULL COLLECTION
17:57:36.203 [Test worker] DEBUG o.h.engine.internal.TwoPhaseLoad - Attribute (`contacts`)  - enhanced for lazy-loading? - false
17:57:36.203 [Test worker] DEBUG o.h.engine.internal.TwoPhaseLoad - Processing attribute `footer` : value = footer 1
17:57:36.203 [Test worker] DEBUG o.h.engine.internal.TwoPhaseLoad - Attribute (`footer`)  - enhanced for lazy-loading? - false
17:57:36.203 [Test worker] DEBUG o.h.engine.internal.TwoPhaseLoad - Processing attribute `header` : value = header 1
17:57:36.203 [Test worker] DEBUG o.h.engine.internal.TwoPhaseLoad - Attribute (`header`)  - enhanced for lazy-loading? - false
17:57:36.203 [Test worker] DEBUG o.h.engine.internal.TwoPhaseLoad - Processing attribute `name` : value = test 1
17:57:36.203 [Test worker] DEBUG o.h.engine.internal.TwoPhaseLoad - Attribute (`name`)  - enhanced for lazy-loading? - false
17:57:36.203 [Test worker] DEBUG o.h.engine.internal.TwoPhaseLoad - Done materializing entity [ru.stqa.pft.addressbook.model.GroupData#86]
17:57:36.204 [Test worker] DEBUG o.h.engine.internal.TwoPhaseLoad - Resolving attributes for [ru.stqa.pft.addressbook.model.GroupData#87]
17:57:36.204 [Test worker] DEBUG o.h.engine.internal.TwoPhaseLoad - Processing attribute `contacts` : value = NOT NULL COLLECTION
17:57:36.204 [Test worker] DEBUG o.h.engine.internal.TwoPhaseLoad - Attribute (`contacts`)  - enhanced for lazy-loading? - false
17:57:36.204 [Test worker] DEBUG o.h.engine.internal.TwoPhaseLoad - Processing attribute `footer` : value = footer 2
17:57:36.204 [Test worker] DEBUG o.h.engine.internal.TwoPhaseLoad - Attribute (`footer`)  - enhanced for lazy-loading? - false
17:57:36.204 [Test worker] DEBUG o.h.engine.internal.TwoPhaseLoad - Processing attribute `header` : value = header 2
17:57:36.204 [Test worker] DEBUG o.h.engine.internal.TwoPhaseLoad - Attribute (`header`)  - enhanced for lazy-loading? - false
17:57:36.204 [Test worker] DEBUG o.h.engine.internal.TwoPhaseLoad - Processing attribute `name` : value = test 2
17:57:36.204 [Test worker] DEBUG o.h.engine.internal.TwoPhaseLoad - Attribute (`name`)  - enhanced for lazy-loading? - false
17:57:36.204 [Test worker] DEBUG o.h.engine.internal.TwoPhaseLoad - Done materializing entity [ru.stqa.pft.addressbook.model.GroupData#87]
17:57:36.204 [Test worker] DEBUG o.h.engine.internal.TwoPhaseLoad - Resolving attributes for [ru.stqa.pft.addressbook.model.GroupData#88]
17:57:36.204 [Test worker] DEBUG o.h.engine.internal.TwoPhaseLoad - Processing attribute `contacts` : value = NOT NULL COLLECTION
17:57:36.204 [Test worker] DEBUG o.h.engine.internal.TwoPhaseLoad - Attribute (`contacts`)  - enhanced for lazy-loading? - false
17:57:36.204 [Test worker] DEBUG o.h.engine.internal.TwoPhaseLoad - Processing attribute `footer` : value = footer 0
17:57:36.204 [Test worker] DEBUG o.h.engine.internal.TwoPhaseLoad - Attribute (`footer`)  - enhanced for lazy-loading? - false
17:57:36.204 [Test worker] DEBUG o.h.engine.internal.TwoPhaseLoad - Processing attribute `header` : value = header 0
17:57:36.204 [Test worker] DEBUG o.h.engine.internal.TwoPhaseLoad - Attribute (`header`)  - enhanced for lazy-loading? - false
17:57:36.204 [Test worker] DEBUG o.h.engine.internal.TwoPhaseLoad - Processing attribute `name` : value = test 0
17:57:36.204 [Test worker] DEBUG o.h.engine.internal.TwoPhaseLoad - Attribute (`name`)  - enhanced for lazy-loading? - false
17:57:36.204 [Test worker] DEBUG o.h.engine.internal.TwoPhaseLoad - Done materializing entity [ru.stqa.pft.addressbook.model.GroupData#88]
17:57:36.204 [Test worker] DEBUG o.h.engine.internal.TwoPhaseLoad - Resolving attributes for [ru.stqa.pft.addressbook.model.GroupData#89]
17:57:36.204 [Test worker] DEBUG o.h.engine.internal.TwoPhaseLoad - Processing attribute `contacts` : value = NOT NULL COLLECTION
17:57:36.204 [Test worker] DEBUG o.h.engine.internal.TwoPhaseLoad - Attribute (`contacts`)  - enhanced for lazy-loading? - false
17:57:36.204 [Test worker] DEBUG o.h.engine.internal.TwoPhaseLoad - Processing attribute `footer` : value = footer 1
17:57:36.204 [Test worker] DEBUG o.h.engine.internal.TwoPhaseLoad - Attribute (`footer`)  - enhanced for lazy-loading? - false
17:57:36.204 [Test worker] DEBUG o.h.engine.internal.TwoPhaseLoad - Processing attribute `header` : value = header 1
17:57:36.204 [Test worker] DEBUG o.h.engine.internal.TwoPhaseLoad - Attribute (`header`)  - enhanced for lazy-loading? - false
17:57:36.204 [Test worker] DEBUG o.h.engine.internal.TwoPhaseLoad - Processing attribute `name` : value = test 1
17:57:36.204 [Test worker] DEBUG o.h.engine.internal.TwoPhaseLoad - Attribute (`name`)  - enhanced for lazy-loading? - false
17:57:36.205 [Test worker] DEBUG o.h.engine.internal.TwoPhaseLoad - Done materializing entity [ru.stqa.pft.addressbook.model.GroupData#89]
17:57:36.205 [Test worker] DEBUG o.h.engine.internal.TwoPhaseLoad - Resolving attributes for [ru.stqa.pft.addressbook.model.GroupData#90]
17:57:36.205 [Test worker] DEBUG o.h.engine.internal.TwoPhaseLoad - Processing attribute `contacts` : value = NOT NULL COLLECTION
17:57:36.205 [Test worker] DEBUG o.h.engine.internal.TwoPhaseLoad - Attribute (`contacts`)  - enhanced for lazy-loading? - false
17:57:36.205 [Test worker] DEBUG o.h.engine.internal.TwoPhaseLoad - Processing attribute `footer` : value = footer 2
17:57:36.205 [Test worker] DEBUG o.h.engine.internal.TwoPhaseLoad - Attribute (`footer`)  - enhanced for lazy-loading? - false
17:57:36.205 [Test worker] DEBUG o.h.engine.internal.TwoPhaseLoad - Processing attribute `header` : value = header 2
17:57:36.205 [Test worker] DEBUG o.h.engine.internal.TwoPhaseLoad - Attribute (`header`)  - enhanced for lazy-loading? - false
17:57:36.205 [Test worker] DEBUG o.h.engine.internal.TwoPhaseLoad - Processing attribute `name` : value = test 2
17:57:36.205 [Test worker] DEBUG o.h.engine.internal.TwoPhaseLoad - Attribute (`name`)  - enhanced for lazy-loading? - false
17:57:36.205 [Test worker] DEBUG o.h.engine.internal.TwoPhaseLoad - Done materializing entity [ru.stqa.pft.addressbook.model.GroupData#90]
GroupData{id='82', name='test 0'}
GroupData{id='83', name='test 1'}
GroupData{id='84', name='test 2'}
GroupData{id='86', name='test 1'}
GroupData{id='87', name='test 2'}
GroupData{id='88', name='test 0'}
GroupData{id='89', name='test 1'}
GroupData{id='90', name='test 2'}
17:57:36.205 [Test worker] DEBUG o.h.e.t.internal.TransactionImpl - committing
17:57:36.205 [Test worker] DEBUG o.h.e.i.AbstractFlushingEventListener - Processing flush-time cascades
17:57:36.205 [Test worker] DEBUG o.h.e.i.AbstractFlushingEventListener - Dirty checking collections
17:57:36.205 [Test worker] DEBUG o.h.engine.internal.Collections - Collection found: [ru.stqa.pft.addressbook.model.GroupData.contacts#82], was: [ru.stqa.pft.addressbook.model.GroupData.contacts#82] (uninitialized)
17:57:36.206 [Test worker] DEBUG o.h.engine.internal.Collections - Collection found: [ru.stqa.pft.addressbook.model.GroupData.contacts#83], was: [ru.stqa.pft.addressbook.model.GroupData.contacts#83] (uninitialized)
17:57:36.206 [Test worker] DEBUG o.h.engine.internal.Collections - Collection found: [ru.stqa.pft.addressbook.model.GroupData.contacts#84], was: [ru.stqa.pft.addressbook.model.GroupData.contacts#84] (uninitialized)
17:57:36.206 [Test worker] DEBUG o.h.engine.internal.Collections - Collection found: [ru.stqa.pft.addressbook.model.GroupData.contacts#86], was: [ru.stqa.pft.addressbook.model.GroupData.contacts#86] (uninitialized)
17:57:36.206 [Test worker] DEBUG o.h.engine.internal.Collections - Collection found: [ru.stqa.pft.addressbook.model.GroupData.contacts#87], was: [ru.stqa.pft.addressbook.model.GroupData.contacts#87] (uninitialized)
17:57:36.206 [Test worker] DEBUG o.h.engine.internal.Collections - Collection found: [ru.stqa.pft.addressbook.model.GroupData.contacts#88], was: [ru.stqa.pft.addressbook.model.GroupData.contacts#88] (uninitialized)
17:57:36.206 [Test worker] DEBUG o.h.engine.internal.Collections - Collection found: [ru.stqa.pft.addressbook.model.GroupData.contacts#89], was: [ru.stqa.pft.addressbook.model.GroupData.contacts#89] (uninitialized)
17:57:36.206 [Test worker] DEBUG o.h.engine.internal.Collections - Collection found: [ru.stqa.pft.addressbook.model.GroupData.contacts#90], was: [ru.stqa.pft.addressbook.model.GroupData.contacts#90] (uninitialized)
17:57:36.206 [Test worker] DEBUG o.h.e.i.AbstractFlushingEventListener - Flushed: 0 insertions, 0 updates, 0 deletions to 8 objects
17:57:36.206 [Test worker] DEBUG o.h.e.i.AbstractFlushingEventListener - Flushed: 0 (re)creations, 0 updates, 0 removals to 8 collections
17:57:36.206 [Test worker] DEBUG o.h.internal.util.EntityPrinter - Listing entities:
17:57:36.206 [Test worker] DEBUG o.h.internal.util.EntityPrinter - ru.stqa.pft.addressbook.model.GroupData{footer=footer 2, name=test 2, header=header 2, id=90, contacts=<uninitialized>}
17:57:36.206 [Test worker] DEBUG o.h.internal.util.EntityPrinter - ru.stqa.pft.addressbook.model.GroupData{footer=footer 0, name=test 0, header=header 0, id=88, contacts=<uninitialized>}
17:57:36.206 [Test worker] DEBUG o.h.internal.util.EntityPrinter - ru.stqa.pft.addressbook.model.GroupData{footer=footer 1, name=test 1, header=header 1, id=89, contacts=<uninitialized>}
17:57:36.206 [Test worker] DEBUG o.h.internal.util.EntityPrinter - ru.stqa.pft.addressbook.model.GroupData{footer=footer 1, name=test 1, header=header 1, id=86, contacts=<uninitialized>}
17:57:36.206 [Test worker] DEBUG o.h.internal.util.EntityPrinter - ru.stqa.pft.addressbook.model.GroupData{footer=footer 2, name=test 2, header=header 2, id=87, contacts=<uninitialized>}
17:57:36.207 [Test worker] DEBUG o.h.internal.util.EntityPrinter - ru.stqa.pft.addressbook.model.GroupData{footer=footer 2, name=test 2, header=header 2, id=84, contacts=<uninitialized>}
17:57:36.207 [Test worker] DEBUG o.h.internal.util.EntityPrinter - ru.stqa.pft.addressbook.model.GroupData{footer=footer 0, name=test 0, header=header 0, id=82, contacts=<uninitialized>}
17:57:36.207 [Test worker] DEBUG o.h.internal.util.EntityPrinter - ru.stqa.pft.addressbook.model.GroupData{footer=footer 1, name=test 1, header=header 1, id=83, contacts=<uninitialized>}
17:57:36.208 [Test worker] DEBUG o.h.r.j.i.LogicalConnectionManagedImpl - Initiating JDBC connection release from afterTransaction
17:57:36.208 [Test worker] DEBUG o.h.r.j.i.LogicalConnectionManagedImpl - Initiating JDBC connection release from afterTransaction
17:57:37.754 [Test worker] DEBUG o.h.e.t.internal.TransactionImpl - On TransactionImpl creation, JpaCompliance#isJpaTransactionComplianceEnabled == false
17:57:37.755 [Test worker] DEBUG o.h.e.t.internal.TransactionImpl - begin
17:57:37.756 [Test worker] DEBUG org.hibernate.SQL - select groupdata0_.group_id as group_id1_2_, groupdata0_.group_footer as group_fo2_2_, groupdata0_.group_header as group_he3_2_, groupdata0_.group_name as group_na4_2_ from group_list groupdata0_
Hibernate: select groupdata0_.group_id as group_id1_2_, groupdata0_.group_footer as group_fo2_2_, groupdata0_.group_header as group_he3_2_, groupdata0_.group_name as group_na4_2_ from group_list groupdata0_
17:57:37.757 [Test worker] DEBUG org.hibernate.loader.Loader - Result set row: 0
17:57:37.757 [Test worker] DEBUG org.hibernate.loader.Loader - Result row: EntityKey[ru.stqa.pft.addressbook.model.GroupData#82]
17:57:37.757 [Test worker] DEBUG org.hibernate.loader.Loader - Result set row: 1
17:57:37.757 [Test worker] DEBUG org.hibernate.loader.Loader - Result row: EntityKey[ru.stqa.pft.addressbook.model.GroupData#83]
17:57:37.757 [Test worker] DEBUG org.hibernate.loader.Loader - Result set row: 2
17:57:37.757 [Test worker] DEBUG org.hibernate.loader.Loader - Result row: EntityKey[ru.stqa.pft.addressbook.model.GroupData#84]
17:57:37.758 [Test worker] DEBUG org.hibernate.loader.Loader - Result set row: 3
17:57:37.758 [Test worker] DEBUG org.hibernate.loader.Loader - Result row: EntityKey[ru.stqa.pft.addressbook.model.GroupData#86]
17:57:37.758 [Test worker] DEBUG org.hibernate.loader.Loader - Result set row: 4
17:57:37.758 [Test worker] DEBUG org.hibernate.loader.Loader - Result row: EntityKey[ru.stqa.pft.addressbook.model.GroupData#87]
17:57:37.758 [Test worker] DEBUG org.hibernate.loader.Loader - Result set row: 5
17:57:37.758 [Test worker] DEBUG org.hibernate.loader.Loader - Result row: EntityKey[ru.stqa.pft.addressbook.model.GroupData#88]
17:57:37.758 [Test worker] DEBUG org.hibernate.loader.Loader - Result set row: 6
17:57:37.758 [Test worker] DEBUG org.hibernate.loader.Loader - Result row: EntityKey[ru.stqa.pft.addressbook.model.GroupData#89]
17:57:37.758 [Test worker] DEBUG org.hibernate.loader.Loader - Result set row: 7
17:57:37.758 [Test worker] DEBUG org.hibernate.loader.Loader - Result row: EntityKey[ru.stqa.pft.addressbook.model.GroupData#90]
17:57:37.758 [Test worker] DEBUG o.h.engine.internal.TwoPhaseLoad - Resolving attributes for [ru.stqa.pft.addressbook.model.GroupData#82]
17:57:37.758 [Test worker] DEBUG o.h.engine.internal.TwoPhaseLoad - Processing attribute `contacts` : value = NOT NULL COLLECTION
17:57:37.758 [Test worker] DEBUG o.h.engine.internal.TwoPhaseLoad - Attribute (`contacts`)  - enhanced for lazy-loading? - false
17:57:37.758 [Test worker] DEBUG o.h.engine.internal.TwoPhaseLoad - Processing attribute `footer` : value = footer 0
17:57:37.758 [Test worker] DEBUG o.h.engine.internal.TwoPhaseLoad - Attribute (`footer`)  - enhanced for lazy-loading? - false
17:57:37.758 [Test worker] DEBUG o.h.engine.internal.TwoPhaseLoad - Processing attribute `header` : value = header 0
17:57:37.758 [Test worker] DEBUG o.h.engine.internal.TwoPhaseLoad - Attribute (`header`)  - enhanced for lazy-loading? - false
17:57:37.758 [Test worker] DEBUG o.h.engine.internal.TwoPhaseLoad - Processing attribute `name` : value = test 0
17:57:37.758 [Test worker] DEBUG o.h.engine.internal.TwoPhaseLoad - Attribute (`name`)  - enhanced for lazy-loading? - false
17:57:37.759 [Test worker] DEBUG o.h.engine.internal.TwoPhaseLoad - Done materializing entity [ru.stqa.pft.addressbook.model.GroupData#82]
17:57:37.759 [Test worker] DEBUG o.h.engine.internal.TwoPhaseLoad - Resolving attributes for [ru.stqa.pft.addressbook.model.GroupData#83]
17:57:37.759 [Test worker] DEBUG o.h.engine.internal.TwoPhaseLoad - Processing attribute `contacts` : value = NOT NULL COLLECTION
17:57:37.759 [Test worker] DEBUG o.h.engine.internal.TwoPhaseLoad - Attribute (`contacts`)  - enhanced for lazy-loading? - false
17:57:37.759 [Test worker] DEBUG o.h.engine.internal.TwoPhaseLoad - Processing attribute `footer` : value = footer 1
17:57:37.759 [Test worker] DEBUG o.h.engine.internal.TwoPhaseLoad - Attribute (`footer`)  - enhanced for lazy-loading? - false
17:57:37.759 [Test worker] DEBUG o.h.engine.internal.TwoPhaseLoad - Processing attribute `header` : value = header 1
17:57:37.759 [Test worker] DEBUG o.h.engine.internal.TwoPhaseLoad - Attribute (`header`)  - enhanced for lazy-loading? - false
17:57:37.759 [Test worker] DEBUG o.h.engine.internal.TwoPhaseLoad - Processing attribute `name` : value = test 1
17:57:37.759 [Test worker] DEBUG o.h.engine.internal.TwoPhaseLoad - Attribute (`name`)  - enhanced for lazy-loading? - false
17:57:37.759 [Test worker] DEBUG o.h.engine.internal.TwoPhaseLoad - Done materializing entity [ru.stqa.pft.addressbook.model.GroupData#83]
17:57:37.759 [Test worker] DEBUG o.h.engine.internal.TwoPhaseLoad - Resolving attributes for [ru.stqa.pft.addressbook.model.GroupData#84]
17:57:37.759 [Test worker] DEBUG o.h.engine.internal.TwoPhaseLoad - Processing attribute `contacts` : value = NOT NULL COLLECTION
17:57:37.759 [Test worker] DEBUG o.h.engine.internal.TwoPhaseLoad - Attribute (`contacts`)  - enhanced for lazy-loading? - false
17:57:37.759 [Test worker] DEBUG o.h.engine.internal.TwoPhaseLoad - Processing attribute `footer` : value = footer 2
17:57:37.759 [Test worker] DEBUG o.h.engine.internal.TwoPhaseLoad - Attribute (`footer`)  - enhanced for lazy-loading? - false
17:57:37.759 [Test worker] DEBUG o.h.engine.internal.TwoPhaseLoad - Processing attribute `header` : value = header 2
17:57:37.759 [Test worker] DEBUG o.h.engine.internal.TwoPhaseLoad - Attribute (`header`)  - enhanced for lazy-loading? - false
17:57:37.759 [Test worker] DEBUG o.h.engine.internal.TwoPhaseLoad - Processing attribute `name` : value = test 2
17:57:37.759 [Test worker] DEBUG o.h.engine.internal.TwoPhaseLoad - Attribute (`name`)  - enhanced for lazy-loading? - false
17:57:37.759 [Test worker] DEBUG o.h.engine.internal.TwoPhaseLoad - Done materializing entity [ru.stqa.pft.addressbook.model.GroupData#84]
17:57:37.759 [Test worker] DEBUG o.h.engine.internal.TwoPhaseLoad - Resolving attributes for [ru.stqa.pft.addressbook.model.GroupData#86]
17:57:37.759 [Test worker] DEBUG o.h.engine.internal.TwoPhaseLoad - Processing attribute `contacts` : value = NOT NULL COLLECTION
17:57:37.759 [Test worker] DEBUG o.h.engine.internal.TwoPhaseLoad - Attribute (`contacts`)  - enhanced for lazy-loading? - false
17:57:37.760 [Test worker] DEBUG o.h.engine.internal.TwoPhaseLoad - Processing attribute `footer` : value = footer 1
17:57:37.760 [Test worker] DEBUG o.h.engine.internal.TwoPhaseLoad - Attribute (`footer`)  - enhanced for lazy-loading? - false
17:57:37.760 [Test worker] DEBUG o.h.engine.internal.TwoPhaseLoad - Processing attribute `header` : value = header 1
17:57:37.760 [Test worker] DEBUG o.h.engine.internal.TwoPhaseLoad - Attribute (`header`)  - enhanced for lazy-loading? - false
17:57:37.760 [Test worker] DEBUG o.h.engine.internal.TwoPhaseLoad - Processing attribute `name` : value = test 1
17:57:37.760 [Test worker] DEBUG o.h.engine.internal.TwoPhaseLoad - Attribute (`name`)  - enhanced for lazy-loading? - false
17:57:37.760 [Test worker] DEBUG o.h.engine.internal.TwoPhaseLoad - Done materializing entity [ru.stqa.pft.addressbook.model.GroupData#86]
17:57:37.760 [Test worker] DEBUG o.h.engine.internal.TwoPhaseLoad - Resolving attributes for [ru.stqa.pft.addressbook.model.GroupData#87]
17:57:37.760 [Test worker] DEBUG o.h.engine.internal.TwoPhaseLoad - Processing attribute `contacts` : value = NOT NULL COLLECTION
17:57:37.760 [Test worker] DEBUG o.h.engine.internal.TwoPhaseLoad - Attribute (`contacts`)  - enhanced for lazy-loading? - false
17:57:37.760 [Test worker] DEBUG o.h.engine.internal.TwoPhaseLoad - Processing attribute `footer` : value = footer 2
17:57:37.760 [Test worker] DEBUG o.h.engine.internal.TwoPhaseLoad - Attribute (`footer`)  - enhanced for lazy-loading? - false
17:57:37.760 [Test worker] DEBUG o.h.engine.internal.TwoPhaseLoad - Processing attribute `header` : value = header 2
17:57:37.760 [Test worker] DEBUG o.h.engine.internal.TwoPhaseLoad - Attribute (`header`)  - enhanced for lazy-loading? - false
17:57:37.760 [Test worker] DEBUG o.h.engine.internal.TwoPhaseLoad - Processing attribute `name` : value = test 2
17:57:37.760 [Test worker] DEBUG o.h.engine.internal.TwoPhaseLoad - Attribute (`name`)  - enhanced for lazy-loading? - false
17:57:37.760 [Test worker] DEBUG o.h.engine.internal.TwoPhaseLoad - Done materializing entity [ru.stqa.pft.addressbook.model.GroupData#87]
17:57:37.760 [Test worker] DEBUG o.h.engine.internal.TwoPhaseLoad - Resolving attributes for [ru.stqa.pft.addressbook.model.GroupData#88]
17:57:37.760 [Test worker] DEBUG o.h.engine.internal.TwoPhaseLoad - Processing attribute `contacts` : value = NOT NULL COLLECTION
17:57:37.760 [Test worker] DEBUG o.h.engine.internal.TwoPhaseLoad - Attribute (`contacts`)  - enhanced for lazy-loading? - false
17:57:37.760 [Test worker] DEBUG o.h.engine.internal.TwoPhaseLoad - Processing attribute `footer` : value = test3
17:57:37.760 [Test worker] DEBUG o.h.engine.internal.TwoPhaseLoad - Attribute (`footer`)  - enhanced for lazy-loading? - false
17:57:37.760 [Test worker] DEBUG o.h.engine.internal.TwoPhaseLoad - Processing attribute `header` : value = test2
17:57:37.760 [Test worker] DEBUG o.h.engine.internal.TwoPhaseLoad - Attribute (`header`)  - enhanced for lazy-loading? - false
17:57:37.760 [Test worker] DEBUG o.h.engine.internal.TwoPhaseLoad - Processing attribute `name` : value = test1
17:57:37.760 [Test worker] DEBUG o.h.engine.internal.TwoPhaseLoad - Attribute (`name`)  - enhanced for lazy-loading? - false
17:57:37.760 [Test worker] DEBUG o.h.engine.internal.TwoPhaseLoad - Done materializing entity [ru.stqa.pft.addressbook.model.GroupData#88]
17:57:37.760 [Test worker] DEBUG o.h.engine.internal.TwoPhaseLoad - Resolving attributes for [ru.stqa.pft.addressbook.model.GroupData#89]
17:57:37.760 [Test worker] DEBUG o.h.engine.internal.TwoPhaseLoad - Processing attribute `contacts` : value = NOT NULL COLLECTION
17:57:37.760 [Test worker] DEBUG o.h.engine.internal.TwoPhaseLoad - Attribute (`contacts`)  - enhanced for lazy-loading? - false
17:57:37.760 [Test worker] DEBUG o.h.engine.internal.TwoPhaseLoad - Processing attribute `footer` : value = footer 1
17:57:37.760 [Test worker] DEBUG o.h.engine.internal.TwoPhaseLoad - Attribute (`footer`)  - enhanced for lazy-loading? - false
17:57:37.760 [Test worker] DEBUG o.h.engine.internal.TwoPhaseLoad - Processing attribute `header` : value = header 1
17:57:37.760 [Test worker] DEBUG o.h.engine.internal.TwoPhaseLoad - Attribute (`header`)  - enhanced for lazy-loading? - false
17:57:37.760 [Test worker] DEBUG o.h.engine.internal.TwoPhaseLoad - Processing attribute `name` : value = test 1
17:57:37.760 [Test worker] DEBUG o.h.engine.internal.TwoPhaseLoad - Attribute (`name`)  - enhanced for lazy-loading? - false
17:57:37.760 [Test worker] DEBUG o.h.engine.internal.TwoPhaseLoad - Done materializing entity [ru.stqa.pft.addressbook.model.GroupData#89]
17:57:37.760 [Test worker] DEBUG o.h.engine.internal.TwoPhaseLoad - Resolving attributes for [ru.stqa.pft.addressbook.model.GroupData#90]
17:57:37.760 [Test worker] DEBUG o.h.engine.internal.TwoPhaseLoad - Processing attribute `contacts` : value = NOT NULL COLLECTION
17:57:37.760 [Test worker] DEBUG o.h.engine.internal.TwoPhaseLoad - Attribute (`contacts`)  - enhanced for lazy-loading? - false
17:57:37.760 [Test worker] DEBUG o.h.engine.internal.TwoPhaseLoad - Processing attribute `footer` : value = footer 2
17:57:37.760 [Test worker] DEBUG o.h.engine.internal.TwoPhaseLoad - Attribute (`footer`)  - enhanced for lazy-loading? - false
17:57:37.760 [Test worker] DEBUG o.h.engine.internal.TwoPhaseLoad - Processing attribute `header` : value = header 2
17:57:37.760 [Test worker] DEBUG o.h.engine.internal.TwoPhaseLoad - Attribute (`header`)  - enhanced for lazy-loading? - false
17:57:37.760 [Test worker] DEBUG o.h.engine.internal.TwoPhaseLoad - Processing attribute `name` : value = test 2
17:57:37.760 [Test worker] DEBUG o.h.engine.internal.TwoPhaseLoad - Attribute (`name`)  - enhanced for lazy-loading? - false
17:57:37.761 [Test worker] DEBUG o.h.engine.internal.TwoPhaseLoad - Done materializing entity [ru.stqa.pft.addressbook.model.GroupData#90]
GroupData{id='82', name='test 0'}
GroupData{id='83', name='test 1'}
GroupData{id='84', name='test 2'}
GroupData{id='86', name='test 1'}
GroupData{id='87', name='test 2'}
GroupData{id='88', name='test1'}
GroupData{id='89', name='test 1'}
GroupData{id='90', name='test 2'}
17:57:37.761 [Test worker] DEBUG o.h.e.t.internal.TransactionImpl - committing
17:57:37.761 [Test worker] DEBUG o.h.e.i.AbstractFlushingEventListener - Processing flush-time cascades
17:57:37.761 [Test worker] DEBUG o.h.e.i.AbstractFlushingEventListener - Dirty checking collections
17:57:37.761 [Test worker] DEBUG o.h.engine.internal.Collections - Collection found: [ru.stqa.pft.addressbook.model.GroupData.contacts#82], was: [ru.stqa.pft.addressbook.model.GroupData.contacts#82] (uninitialized)
17:57:37.761 [Test worker] DEBUG o.h.engine.internal.Collections - Collection found: [ru.stqa.pft.addressbook.model.GroupData.contacts#83], was: [ru.stqa.pft.addressbook.model.GroupData.contacts#83] (uninitialized)
17:57:37.761 [Test worker] DEBUG o.h.engine.internal.Collections - Collection found: [ru.stqa.pft.addressbook.model.GroupData.contacts#84], was: [ru.stqa.pft.addressbook.model.GroupData.contacts#84] (uninitialized)
17:57:37.762 [Test worker] DEBUG o.h.engine.internal.Collections - Collection found: [ru.stqa.pft.addressbook.model.GroupData.contacts#86], was: [ru.stqa.pft.addressbook.model.GroupData.contacts#86] (uninitialized)
17:57:37.762 [Test worker] DEBUG o.h.engine.internal.Collections - Collection found: [ru.stqa.pft.addressbook.model.GroupData.contacts#87], was: [ru.stqa.pft.addressbook.model.GroupData.contacts#87] (uninitialized)
17:57:37.762 [Test worker] DEBUG o.h.engine.internal.Collections - Collection found: [ru.stqa.pft.addressbook.model.GroupData.contacts#88], was: [ru.stqa.pft.addressbook.model.GroupData.contacts#88] (uninitialized)
17:57:37.762 [Test worker] DEBUG o.h.engine.internal.Collections - Collection found: [ru.stqa.pft.addressbook.model.GroupData.contacts#89], was: [ru.stqa.pft.addressbook.model.GroupData.contacts#89] (uninitialized)
17:57:37.762 [Test worker] DEBUG o.h.engine.internal.Collections - Collection found: [ru.stqa.pft.addressbook.model.GroupData.contacts#90], was: [ru.stqa.pft.addressbook.model.GroupData.contacts#90] (uninitialized)
17:57:37.762 [Test worker] DEBUG o.h.e.i.AbstractFlushingEventListener - Flushed: 0 insertions, 0 updates, 0 deletions to 8 objects
17:57:37.762 [Test worker] DEBUG o.h.e.i.AbstractFlushingEventListener - Flushed: 0 (re)creations, 0 updates, 0 removals to 8 collections
17:57:37.762 [Test worker] DEBUG o.h.internal.util.EntityPrinter - Listing entities:
17:57:37.762 [Test worker] DEBUG o.h.internal.util.EntityPrinter - ru.stqa.pft.addressbook.model.GroupData{footer=footer 2, name=test 2, header=header 2, id=90, contacts=<uninitialized>}
17:57:37.762 [Test worker] DEBUG o.h.internal.util.EntityPrinter - ru.stqa.pft.addressbook.model.GroupData{footer=test3, name=test1, header=test2, id=88, contacts=<uninitialized>}
17:57:37.763 [Test worker] DEBUG o.h.internal.util.EntityPrinter - ru.stqa.pft.addressbook.model.GroupData{footer=footer 1, name=test 1, header=header 1, id=89, contacts=<uninitialized>}
17:57:37.763 [Test worker] DEBUG o.h.internal.util.EntityPrinter - ru.stqa.pft.addressbook.model.GroupData{footer=footer 1, name=test 1, header=header 1, id=86, contacts=<uninitialized>}
17:57:37.763 [Test worker] DEBUG o.h.internal.util.EntityPrinter - ru.stqa.pft.addressbook.model.GroupData{footer=footer 2, name=test 2, header=header 2, id=87, contacts=<uninitialized>}
17:57:37.763 [Test worker] DEBUG o.h.internal.util.EntityPrinter - ru.stqa.pft.addressbook.model.GroupData{footer=footer 2, name=test 2, header=header 2, id=84, contacts=<uninitialized>}
17:57:37.763 [Test worker] DEBUG o.h.internal.util.EntityPrinter - ru.stqa.pft.addressbook.model.GroupData{footer=footer 0, name=test 0, header=header 0, id=82, contacts=<uninitialized>}
17:57:37.763 [Test worker] DEBUG o.h.internal.util.EntityPrinter - ru.stqa.pft.addressbook.model.GroupData{footer=footer 1, name=test 1, header=header 1, id=83, contacts=<uninitialized>}
17:57:37.765 [Test worker] DEBUG o.h.r.j.i.LogicalConnectionManagedImpl - Initiating JDBC connection release from afterTransaction
17:57:37.771 [Test worker] DEBUG o.h.r.j.i.LogicalConnectionManagedImpl - Initiating JDBC connection release from afterTransaction
]]></system-out>
  <system-err><![CDATA[]]></system-err>
</testsuite>
